[ 2017-08-21T22:19:03+08:00 ] 127.0.0.1 /index.php?g=Asset&m=Ueditor&a=upload&action=config&&noCache=1503325143638
INFO: [ app_init ] --START--
INFO: Run Behavior\BuildLiteBehavior [ RunTime:0.000022s ]
INFO: Run Common\Behavior\InitHookBehavior [ RunTime:0.001145s ]
INFO: [ app_init ] --END-- [ RunTime:0.001529s ]
INFO: [ app_begin ] --START--
INFO: Run Behavior\ReadHtmlCacheBehavior [ RunTime:0.000378s ]
INFO: Run Behavior\CheckLangBehavior [ RunTime:0.000388s ]
INFO: Run Common\Behavior\UrldecodeGetBehavior [ RunTime:0.000101s ]
INFO: [ app_begin ] --END-- [ RunTime:0.000961s ]
SQL: SHOW COLUMNS FROM `ypyh_options` [ RunTime:0.0107s ]
SQL: SELECT `option_value` FROM `ypyh_options` WHERE `option_name` = 'upload_setting' LIMIT 1   [ RunTime:0.0087s ]

[ 2017-08-21T22:19:32+08:00 ] 127.0.0.1 /index.php?g=Asset&m=Ueditor&a=upload&action=config&&noCache=1503325172151
INFO: [ app_init ] --START--
INFO: Run Behavior\BuildLiteBehavior [ RunTime:0.000027s ]
INFO: Run Common\Behavior\InitHookBehavior [ RunTime:0.001530s ]
INFO: [ app_init ] --END-- [ RunTime:0.002095s ]
INFO: [ app_begin ] --START--
INFO: Run Behavior\ReadHtmlCacheBehavior [ RunTime:0.000488s ]
INFO: Run Behavior\CheckLangBehavior [ RunTime:0.000476s ]
INFO: Run Common\Behavior\UrldecodeGetBehavior [ RunTime:0.000125s ]
INFO: [ app_begin ] --END-- [ RunTime:0.001194s ]

[ 2017-08-21T22:19:44+08:00 ] 127.0.0.1 /index.php?g=Asset&m=Ueditor&a=upload&action=config&&noCache=1503325184668
INFO: [ app_init ] --START--
INFO: Run Behavior\BuildLiteBehavior [ RunTime:0.000013s ]
INFO: Run Common\Behavior\InitHookBehavior [ RunTime:0.002431s ]
INFO: [ app_init ] --END-- [ RunTime:0.003660s ]
INFO: [ app_begin ] --START--
INFO: Run Behavior\ReadHtmlCacheBehavior [ RunTime:0.000612s ]
INFO: Run Behavior\CheckLangBehavior [ RunTime:0.000607s ]
INFO: Run Common\Behavior\UrldecodeGetBehavior [ RunTime:0.000175s ]
INFO: [ app_begin ] --END-- [ RunTime:0.001542s ]

[ 2017-08-21T22:19:53+08:00 ] 127.0.0.1 /index.php?g=asset&m=asset&a=plupload&multi=0&filetype=image&app=Portal
INFO: [ app_init ] --START--
INFO: Run Behavior\BuildLiteBehavior [ RunTime:0.000047s ]
INFO: Run Common\Behavior\InitHookBehavior [ RunTime:0.001036s ]
INFO: [ app_init ] --END-- [ RunTime:0.001629s ]
INFO: [ app_begin ] --START--
INFO: Run Behavior\ReadHtmlCacheBehavior [ RunTime:0.000326s ]
INFO: Run Behavior\CheckLangBehavior [ RunTime:0.000336s ]
INFO: Run Common\Behavior\UrldecodeGetBehavior [ RunTime:0.000100s ]
INFO: [ app_begin ] --END-- [ RunTime:0.000846s ]
INFO: [ admin_begin ] --START--
INFO: Run Common\Behavior\AdminDefaultLangBehavior [ RunTime:0.000482s ]
INFO: [ admin_begin ] --END-- [ RunTime:0.000543s ]
SQL: SHOW COLUMNS FROM `ypyh_options` [ RunTime:0.0089s ]
SQL: SELECT `option_value` FROM `ypyh_options` WHERE `option_name` = 'cdn_settings' LIMIT 1   [ RunTime:0.0082s ]
INFO: [ view_parse ] --START--
INFO: [ template_filter ] --START--
INFO: Run Behavior\ContentReplaceBehavior [ RunTime:0.000080s ]
INFO: [ template_filter ] --END-- [ RunTime:0.000142s ]
INFO: Run Behavior\ParseTemplateBehavior [ RunTime:0.011155s ]
INFO: [ view_parse ] --END-- [ RunTime:0.011213s ]
INFO: [ view_filter ] --START--
INFO: Run Behavior\WriteHtmlCacheBehavior [ RunTime:0.000118s ]
INFO: Run Common\Behavior\TmplStripSpaceBehavior [ RunTime:0.000093s ]
INFO: [ view_filter ] --END-- [ RunTime:0.000249s ]
INFO: [ app_end ] --START--
INFO: Run Behavior\ShowPageTraceBehavior [ RunTime:0.000317s ]
INFO: [ app_end ] --END-- [ RunTime:0.000344s ]

[ 2017-08-21T22:23:25+08:00 ] 127.0.0.1 /index.php?g=Asset&m=Ueditor&a=upload&action=config&&noCache=1503325405954
INFO: [ app_init ] --START--
INFO: Run Behavior\BuildLiteBehavior [ RunTime:0.000030s ]
INFO: Run Common\Behavior\InitHookBehavior [ RunTime:0.001589s ]
INFO: [ app_init ] --END-- [ RunTime:0.002126s ]
INFO: [ app_begin ] --START--
INFO: Run Behavior\ReadHtmlCacheBehavior [ RunTime:0.000609s ]
INFO: Run Behavior\CheckLangBehavior [ RunTime:0.000788s ]
INFO: Run Common\Behavior\UrldecodeGetBehavior [ RunTime:0.000122s ]
INFO: [ app_begin ] --END-- [ RunTime:0.001645s ]

[ 2017-08-21T22:24:22+08:00 ] 127.0.0.1 /index.php?g=Asset&m=Ueditor&a=upload&action=config&&noCache=1503325462538
INFO: [ app_init ] --START--
INFO: Run Behavior\BuildLiteBehavior [ RunTime:0.000013s ]
INFO: Run Common\Behavior\InitHookBehavior [ RunTime:0.000808s ]
INFO: [ app_init ] --END-- [ RunTime:0.001072s ]
INFO: [ app_begin ] --START--
INFO: Run Behavior\ReadHtmlCacheBehavior [ RunTime:0.000385s ]
INFO: Run Behavior\CheckLangBehavior [ RunTime:0.000344s ]
INFO: Run Common\Behavior\UrldecodeGetBehavior [ RunTime:0.000104s ]
INFO: [ app_begin ] --END-- [ RunTime:0.000933s ]

[ 2017-08-21T22:26:17+08:00 ] 127.0.0.1 /index.php?g=asset&m=asset&a=plupload&multi=0&filetype=image&app=Portal
INFO: [ app_init ] --START--
INFO: Run Behavior\BuildLiteBehavior [ RunTime:0.000071s ]
INFO: Run Common\Behavior\InitHookBehavior [ RunTime:0.001610s ]
INFO: [ app_init ] --END-- [ RunTime:0.002668s ]
INFO: [ app_begin ] --START--
INFO: Run Behavior\ReadHtmlCacheBehavior [ RunTime:0.000783s ]
INFO: Run Behavior\CheckLangBehavior [ RunTime:0.000750s ]
INFO: Run Common\Behavior\UrldecodeGetBehavior [ RunTime:0.000266s ]
INFO: [ app_begin ] --END-- [ RunTime:0.001995s ]
INFO: [ admin_begin ] --START--
INFO: Run Common\Behavior\AdminDefaultLangBehavior [ RunTime:0.002150s ]
INFO: [ admin_begin ] --END-- [ RunTime:0.002282s ]
SQL: SHOW COLUMNS FROM `ypyh_options` [ RunTime:0.0234s ]
SQL: SELECT `option_value` FROM `ypyh_options` WHERE `option_name` = 'cdn_settings' LIMIT 1   [ RunTime:0.0071s ]
INFO: [ view_parse ] --START--
INFO: [ template_filter ] --START--
INFO: Run Behavior\ContentReplaceBehavior [ RunTime:0.000079s ]
INFO: [ template_filter ] --END-- [ RunTime:0.000137s ]
INFO: Run Behavior\ParseTemplateBehavior [ RunTime:0.012945s ]
INFO: [ view_parse ] --END-- [ RunTime:0.013045s ]
INFO: [ view_filter ] --START--
INFO: Run Behavior\WriteHtmlCacheBehavior [ RunTime:0.000245s ]
INFO: Run Common\Behavior\TmplStripSpaceBehavior [ RunTime:0.000169s ]
INFO: [ view_filter ] --END-- [ RunTime:0.000503s ]
INFO: [ app_end ] --START--
INFO: Run Behavior\ShowPageTraceBehavior [ RunTime:0.000528s ]
INFO: [ app_end ] --END-- [ RunTime:0.000575s ]

[ 2017-08-21T22:26:24+08:00 ] 127.0.0.1 /index.php?g=asset&m=asset&a=plupload
INFO: [ app_init ] --START--
INFO: Run Behavior\BuildLiteBehavior [ RunTime:0.000026s ]
INFO: Run Common\Behavior\InitHookBehavior [ RunTime:0.001281s ]
INFO: [ app_init ] --END-- [ RunTime:0.001919s ]
INFO: [ app_begin ] --START--
INFO: Run Behavior\ReadHtmlCacheBehavior [ RunTime:0.000342s ]
INFO: Run Behavior\CheckLangBehavior [ RunTime:0.000353s ]
INFO: Run Common\Behavior\UrldecodeGetBehavior [ RunTime:0.000087s ]
INFO: [ app_begin ] --END-- [ RunTime:0.000865s ]
INFO: [ admin_begin ] --START--
INFO: Run Common\Behavior\AdminDefaultLangBehavior [ RunTime:0.000366s ]
INFO: [ admin_begin ] --END-- [ RunTime:0.000410s ]
NOTIC: [8] Undefined index: url /Users/zhibiao/www/ypyh/application/Common/Controller/AppframeController.class.php 第 22 行.

[ 2017-08-21T22:27:06+08:00 ] 127.0.0.1 /index.php?g=asset&m=asset&a=plupload
INFO: [ app_init ] --START--
INFO: Run Behavior\BuildLiteBehavior [ RunTime:0.000019s ]
INFO: Run Common\Behavior\InitHookBehavior [ RunTime:0.000991s ]
INFO: [ app_init ] --END-- [ RunTime:0.001339s ]
INFO: [ app_begin ] --START--
INFO: Run Behavior\ReadHtmlCacheBehavior [ RunTime:0.000608s ]
INFO: Run Behavior\CheckLangBehavior [ RunTime:0.000348s ]
INFO: Run Common\Behavior\UrldecodeGetBehavior [ RunTime:0.000093s ]
INFO: [ app_begin ] --END-- [ RunTime:0.001163s ]
INFO: [ admin_begin ] --START--
INFO: Run Common\Behavior\AdminDefaultLangBehavior [ RunTime:0.000413s ]
INFO: [ admin_begin ] --END-- [ RunTime:0.000453s ]
NOTIC: [2] call_user_func() expects parameter 1 to be a valid callback, no array or string given /Users/zhibiao/www/ypyh/simplewind/Core/Library/Think/Upload.class.php 第 170 行.

[ 2017-08-21T22:27:15+08:00 ] 127.0.0.1 /index.php?g=asset&m=asset&a=plupload&multi=1&filetype=image&app=Portal
INFO: [ app_init ] --START--
INFO: Run Behavior\BuildLiteBehavior [ RunTime:0.000026s ]
INFO: Run Common\Behavior\InitHookBehavior [ RunTime:0.002176s ]
INFO: [ app_init ] --END-- [ RunTime:0.002771s ]
INFO: [ app_begin ] --START--
INFO: Run Behavior\ReadHtmlCacheBehavior [ RunTime:0.000681s ]
INFO: Run Behavior\CheckLangBehavior [ RunTime:0.001760s ]
INFO: Run Common\Behavior\UrldecodeGetBehavior [ RunTime:0.000266s ]
INFO: [ app_begin ] --END-- [ RunTime:0.002918s ]
INFO: [ admin_begin ] --START--
INFO: Run Common\Behavior\AdminDefaultLangBehavior [ RunTime:0.000909s ]
INFO: [ admin_begin ] --END-- [ RunTime:0.001058s ]
SQL: SHOW COLUMNS FROM `ypyh_options` [ RunTime:0.0128s ]
SQL: SELECT `option_value` FROM `ypyh_options` WHERE `option_name` = 'cdn_settings' LIMIT 1   [ RunTime:0.0199s ]
INFO: [ view_parse ] --START--
INFO: [ template_filter ] --START--
INFO: Run Behavior\ContentReplaceBehavior [ RunTime:0.000050s ]
INFO: [ template_filter ] --END-- [ RunTime:0.000092s ]
INFO: Run Behavior\ParseTemplateBehavior [ RunTime:0.007209s ]
INFO: [ view_parse ] --END-- [ RunTime:0.007246s ]
INFO: [ view_filter ] --START--
INFO: Run Behavior\WriteHtmlCacheBehavior [ RunTime:0.000109s ]
INFO: Run Common\Behavior\TmplStripSpaceBehavior [ RunTime:0.000091s ]
INFO: [ view_filter ] --END-- [ RunTime:0.000238s ]
INFO: [ app_end ] --START--
INFO: Run Behavior\ShowPageTraceBehavior [ RunTime:0.000340s ]
INFO: [ app_end ] --END-- [ RunTime:0.000366s ]

[ 2017-08-21T22:27:20+08:00 ] 127.0.0.1 /index.php?g=asset&m=asset&a=plupload
INFO: [ app_init ] --START--
INFO: Run Behavior\BuildLiteBehavior [ RunTime:0.000036s ]
INFO: Run Common\Behavior\InitHookBehavior [ RunTime:0.001707s ]
INFO: [ app_init ] --END-- [ RunTime:0.002550s ]
INFO: [ app_begin ] --START--
INFO: Run Behavior\ReadHtmlCacheBehavior [ RunTime:0.000494s ]
INFO: Run Behavior\CheckLangBehavior [ RunTime:0.000427s ]
INFO: Run Common\Behavior\UrldecodeGetBehavior [ RunTime:0.000104s ]
INFO: [ app_begin ] --END-- [ RunTime:0.001136s ]
INFO: [ admin_begin ] --START--
INFO: Run Common\Behavior\AdminDefaultLangBehavior [ RunTime:0.000831s ]
INFO: [ admin_begin ] --END-- [ RunTime:0.000955s ]
NOTIC: [2] call_user_func() expects parameter 1 to be a valid callback, no array or string given /Users/zhibiao/www/ypyh/simplewind/Core/Library/Think/Upload.class.php 第 170 行.

[ 2017-08-21T22:27:39+08:00 ] 127.0.0.1 /index.php?g=Asset&m=Ueditor&a=upload&action=uploadimage&encode=utf-8
INFO: [ app_init ] --START--
INFO: Run Behavior\BuildLiteBehavior [ RunTime:0.000036s ]
INFO: Run Common\Behavior\InitHookBehavior [ RunTime:0.002750s ]
INFO: [ app_init ] --END-- [ RunTime:0.003456s ]
INFO: [ app_begin ] --START--
INFO: Run Behavior\ReadHtmlCacheBehavior [ RunTime:0.000618s ]
INFO: Run Behavior\CheckLangBehavior [ RunTime:0.000694s ]
INFO: Run Common\Behavior\UrldecodeGetBehavior [ RunTime:0.000185s ]
INFO: [ app_begin ] --END-- [ RunTime:0.001719s ]
NOTIC: [2] explode() expects parameter 2 to be string, array given /Users/zhibiao/www/ypyh/application/Asset/Controller/UeditorController.class.php 第 297 行.
NOTIC: [2] call_user_func() expects parameter 1 to be a valid callback, no array or string given /Users/zhibiao/www/ypyh/simplewind/Core/Library/Think/Upload.class.php 第 170 行.

[ 2017-08-21T22:27:39+08:00 ] 127.0.0.1 /index.php?g=Asset&m=Ueditor&a=upload&action=uploadimage&encode=utf-8
INFO: [ app_init ] --START--
INFO: Run Behavior\BuildLiteBehavior [ RunTime:0.000020s ]
INFO: Run Common\Behavior\InitHookBehavior [ RunTime:0.001856s ]
INFO: [ app_init ] --END-- [ RunTime:0.002353s ]
INFO: [ app_begin ] --START--
INFO: Run Behavior\ReadHtmlCacheBehavior [ RunTime:0.000504s ]
INFO: Run Behavior\CheckLangBehavior [ RunTime:0.000531s ]
INFO: Run Common\Behavior\UrldecodeGetBehavior [ RunTime:0.000167s ]
INFO: [ app_begin ] --END-- [ RunTime:0.001338s ]
NOTIC: [2] explode() expects parameter 2 to be string, array given /Users/zhibiao/www/ypyh/application/Asset/Controller/UeditorController.class.php 第 297 行.
NOTIC: [2] call_user_func() expects parameter 1 to be a valid callback, no array or string given /Users/zhibiao/www/ypyh/simplewind/Core/Library/Think/Upload.class.php 第 170 行.

