[ 2017-08-21T21:55:25+08:00 ] 127.0.0.1 /
INFO: [ app_init ] --START--
INFO: Run Behavior\BuildLiteBehavior [ RunTime:0.000018s ]
SQL: SHOW COLUMNS FROM `ypyh_plugins` [ RunTime:0.0099s ]
SQL: SELECT `name`,`hooks` FROM `ypyh_plugins` WHERE ( status=1 )  [ RunTime:0.0095s ]
INFO: Run Common\Behavior\InitHookBehavior [ RunTime:0.092829s ]
INFO: [ app_init ] --END-- [ RunTime:0.093214s ]
INFO: [ app_begin ] --START--
INFO: Run Behavior\ReadHtmlCacheBehavior [ RunTime:0.000731s ]
INFO: Run Behavior\CheckLangBehavior [ RunTime:0.000669s ]
INFO: Run Common\Behavior\UrldecodeGetBehavior [ RunTime:0.000362s ]
INFO: [ app_begin ] --END-- [ RunTime:0.001949s ]
SQL: SHOW COLUMNS FROM `ypyh_options` [ RunTime:0.0160s ]
SQL: SELECT * FROM `ypyh_options` WHERE ( option_name='site_options' ) LIMIT 1   [ RunTime:0.0132s ]
SQL: SELECT `option_value` FROM `ypyh_options` WHERE `option_name` = 'cdn_settings' LIMIT 1   [ RunTime:0.0078s ]
INFO: [ view_parse ] --START--
INFO: [ template_filter ] --START--
INFO: Run Behavior\ContentReplaceBehavior [ RunTime:0.000081s ]
INFO: [ template_filter ] --END-- [ RunTime:0.000164s ]
INFO: Run Behavior\ParseTemplateBehavior [ RunTime:0.008996s ]
INFO: [ view_parse ] --END-- [ RunTime:0.009074s ]
INFO: [ view_filter ] --START--
INFO: Run Behavior\WriteHtmlCacheBehavior [ RunTime:0.000210s ]
INFO: Run Common\Behavior\TmplStripSpaceBehavior [ RunTime:0.000199s ]
INFO: [ view_filter ] --END-- [ RunTime:0.000483s ]
INFO: [ app_end ] --START--
INFO: Run Behavior\ShowPageTraceBehavior [ RunTime:0.000962s ]
INFO: [ app_end ] --END-- [ RunTime:0.001037s ]

