[ 2017-08-21T21:54:00+08:00 ] 127.0.0.1 /index.php?g=Admin&m=Setting&a=clearcache
INFO: [ app_init ] --START--
INFO: Run Behavior\BuildLiteBehavior [ RunTime:0.000056s ]
SQL: SHOW COLUMNS FROM `ypyh_plugins` [ RunTime:0.0083s ]
SQL: SELECT `name`,`hooks` FROM `ypyh_plugins` WHERE ( status=1 )  [ RunTime:0.0131s ]
INFO: Run Common\Behavior\InitHookBehavior [ RunTime:0.085781s ]
INFO: [ app_init ] --END-- [ RunTime:0.086553s ]
INFO: [ app_begin ] --START--
INFO: Run Behavior\ReadHtmlCacheBehavior [ RunTime:0.000667s ]
INFO: Run Behavior\CheckLangBehavior [ RunTime:0.001007s ]
INFO: Run Common\Behavior\UrldecodeGetBehavior [ RunTime:0.000179s ]
INFO: [ app_begin ] --END-- [ RunTime:0.002016s ]
INFO: [ admin_begin ] --START--
INFO: Run Common\Behavior\AdminDefaultLangBehavior [ RunTime:0.001075s ]
INFO: [ admin_begin ] --END-- [ RunTime:0.001172s ]
SQL: SHOW COLUMNS FROM `ypyh_users` [ RunTime:0.0104s ]
SQL: SELECT * FROM `ypyh_users` WHERE `id` = '1' LIMIT 1   [ RunTime:0.0094s ]
SQL: SHOW COLUMNS FROM `ypyh_options` [ RunTime:0.0092s ]
SQL: SHOW COLUMNS FROM `ypyh_options` [ RunTime:0.0128s ]
SQL: SELECT `option_value` FROM `ypyh_options` WHERE `option_name` = 'cdn_settings' LIMIT 1   [ RunTime:0.0082s ]
INFO: [ view_parse ] --START--
INFO: [ template_filter ] --START--
INFO: Run Behavior\ContentReplaceBehavior [ RunTime:0.000091s ]
INFO: [ template_filter ] --END-- [ RunTime:0.000158s ]
INFO: Run Behavior\ParseTemplateBehavior [ RunTime:0.011020s ]
INFO: [ view_parse ] --END-- [ RunTime:0.011101s ]
INFO: [ view_filter ] --START--
INFO: Run Behavior\WriteHtmlCacheBehavior [ RunTime:0.000195s ]
INFO: Run Common\Behavior\TmplStripSpaceBehavior [ RunTime:0.000139s ]
INFO: [ view_filter ] --END-- [ RunTime:0.000387s ]
INFO: [ app_end ] --START--
INFO: Run Behavior\ShowPageTraceBehavior [ RunTime:0.000506s ]
INFO: [ app_end ] --END-- [ RunTime:0.000551s ]

